<?xml version="1.0" encoding="UTF-8"?>
<!-- Generated by org.testng.reporters.JUnitReportReporter -->
<testsuite hostname="Jay_PC" failures="0" tests="1" name="amazon_tests_testcases.testcase_4_addandrremove_logout" time="38.435" errors="0" timestamp="2025-01-23T01:17:12 IST" skipped="0">
  <testcase classname="amazon_tests_testcases.testcase_4_addandrremove_logout" name="add_remove_logout" time="38.435"/>
  <system-out/>
</testsuite> <!-- amazon_tests_testcases.testcase_4_addandrremove_logout -->
