<?xml version="1.0" encoding="UTF-8"?>
<!-- Generated by org.testng.reporters.JUnitReportReporter -->
<testsuite hostname="Jay_PC" failures="0" tests="1" name="Amazon_Package.amazon_project.test_1" time="5.896" errors="0" timestamp="2025-01-20T23:43:06 IST" skipped="0">
  <testcase classname="Amazon_Package.amazon_project.test_1" name="test1" time="5.896"/>
  <system-out/>
</testsuite> <!-- Amazon_Package.amazon_project.test_1 -->
