<?xml version="1.0" encoding="UTF-8"?>
<!-- Generated by org.testng.reporters.JUnitReportReporter -->
<testsuite hostname="Jay_PC" failures="0" tests="1" name="amazon_tests_testcases.testcase_5_addtocart3timesandremove_logout" time="31.709" errors="0" timestamp="2025-01-23T12:47:36 IST" skipped="0">
  <testcase classname="amazon_tests_testcases.testcase_5_addtocart3timesandremove_logout" name="tc5_addcart_3items_remove_logout" time="31.709"/>
  <system-out/>
</testsuite> <!-- amazon_tests_testcases.testcase_5_addtocart3timesandremove_logout -->
