<?xml version="1.0" encoding="UTF-8"?>
<!-- Generated by org.testng.reporters.JUnitReportReporter -->
<testsuite hostname="Jay_PC" failures="0" tests="1" name="Amazon_Package.amazon_project.test_1_amazonproduct_booking" time="34.896" errors="0" timestamp="2025-01-22T00:04:34 IST" skipped="0">
  <testcase classname="Amazon_Package.amazon_project.test_1_amazonproduct_booking" name="test1" time="34.896"/>
  <system-out/>
</testsuite> <!-- Amazon_Package.amazon_project.test_1_amazonproduct_booking -->
