<?xml version="1.0" encoding="UTF-8"?>
<!-- Generated by org.testng.reporters.JUnitReportReporter -->
<testsuite hostname="Jay_PC" failures="0" tests="1" name="amazon_tests_testcases.testcase_2_login_whishlist_addtocart_cod_logout" time="54.042" errors="0" timestamp="2025-01-23T19:27:20 IST" skipped="0">
  <testcase classname="amazon_tests_testcases.testcase_2_login_whishlist_addtocart_cod_logout" name="tc2_login_addtowihslist_addcart_cod_logout" time="54.042"/>
  <system-out/>
</testsuite> <!-- amazon_tests_testcases.testcase_2_login_whishlist_addtocart_cod_logout -->
