<?xml version="1.0" encoding="UTF-8"?>
<!-- Generated by org.testng.reporters.JUnitReportReporter -->
<testsuite hostname="Jay_PC" failures="0" tests="1" name="amazon_tests_testcases.testcase_1_Login_Cart_logout" time="35.253" errors="0" timestamp="2025-01-22T13:18:18 IST" skipped="0">
  <testcase classname="amazon_tests_testcases.testcase_1_Login_Cart_logout" name="testcase_1" time="35.253"/>
  <system-out/>
</testsuite> <!-- amazon_tests_testcases.testcase_1_Login_Cart_logout -->
