<?xml version="1.0" encoding="UTF-8"?>
<!-- Generated by org.testng.reporters.JUnitReportReporter -->
<testsuite hostname="Jay_PC" failures="0" tests="1" name="amazon_tests_testcases.testcase_3_register_login" time="18.036" errors="0" timestamp="2025-01-29T15:34:33 IST" skipped="0">
  <testcase classname="amazon_tests_testcases.testcase_3_register_login" name="reg_new_custandlogin" time="18.036"/>
  <system-out/>
</testsuite> <!-- amazon_tests_testcases.testcase_3_register_login -->
